2022-06-14 21:04:46,600 INFO DougTheDruid's ESP Framework Starting
2022-06-14 21:04:46,600 INFO Hack Version: 1.2.0
2022-06-14 21:04:51,175 INFO gObject offset: 0x1719b24
2022-06-14 21:04:51,175 INFO uWorld offset: 0x76e1ab
2022-06-14 21:04:51,176 INFO gName offset: 0x1622a8a
2022-06-14 21:04:51,176 INFO Process ID: 157996
2022-06-14 21:04:51,176 INFO SoT gName Address: 0x7ff7e6e7a2c0
2022-06-14 21:04:51,176 INFO SoT gObject Address: 0x7ff7e6e7e810
2022-06-14 21:04:55,495 INFO gObject offset: 0x1719b24
2022-06-14 21:04:55,495 INFO uWorld offset: 0x76e1ab
2022-06-14 21:04:55,495 INFO gName offset: 0x1622a8a
2022-06-14 21:04:55,495 INFO Process ID: 157996
2022-06-14 21:04:55,495 INFO SoT gName Address: 0x7ff7e6e7a2c0
2022-06-14 21:04:55,495 INFO SoT gObject Address: 0x7ff7e6e7e810
2022-06-14 21:04:59,742 INFO gObject offset: 0x1719b24
2022-06-14 21:04:59,742 INFO uWorld offset: 0x76e1ab
2022-06-14 21:04:59,742 INFO gName offset: 0x1622a8a
2022-06-14 21:04:59,742 INFO Process ID: 157996
2022-06-14 21:04:59,742 INFO SoT gName Address: 0x7ff7e6e7a2c0
2022-06-14 21:04:59,743 INFO SoT gObject Address: 0x7ff7e6e7e810
2022-06-14 21:05:04,007 INFO gObject offset: 0x1719b24
2022-06-14 21:05:04,007 INFO uWorld offset: 0x76e1ab
2022-06-14 21:05:04,007 INFO gName offset: 0x1622a8a
2022-06-14 21:05:04,007 INFO Process ID: 157996
2022-06-14 21:05:04,007 INFO SoT gName Address: 0x7ff7e6e7a2c0
2022-06-14 21:05:04,007 INFO SoT gObject Address: 0x7ff7e6e7e810
2022-06-14 21:05:07,956 INFO gObject offset: 0x1719b24
2022-06-14 21:05:07,956 INFO uWorld offset: 0x76e1ab
2022-06-14 21:05:07,956 INFO gName offset: 0x1622a8a
2022-06-14 21:05:07,956 INFO Process ID: 157996
2022-06-14 21:05:07,956 INFO SoT gName Address: 0x7ff7e6e7a2c0
2022-06-14 21:05:07,956 INFO SoT gObject Address: 0x7ff7e6e7e810
2022-06-14 21:05:11,994 INFO gObject offset: 0x1719b24
2022-06-14 21:05:11,994 INFO uWorld offset: 0x76e1ab
2022-06-14 21:05:11,994 INFO gName offset: 0x1622a8a
2022-06-14 21:05:11,994 INFO Process ID: 157996
2022-06-14 21:05:11,994 INFO SoT gName Address: 0x7ff7e6e7a2c0
2022-06-14 21:05:11,994 INFO SoT gObject Address: 0x7ff7e6e7e810
2022-06-14 21:05:15,936 INFO gObject offset: 0x1719b24
2022-06-14 21:05:15,936 INFO uWorld offset: 0x76e1ab
2022-06-14 21:05:15,936 INFO gName offset: 0x1622a8a
2022-06-14 21:05:15,936 INFO Process ID: 157996
2022-06-14 21:05:15,937 INFO SoT gName Address: 0x7ff7e6e7a2c0
2022-06-14 21:05:15,937 INFO SoT gObject Address: 0x7ff7e6e7e810
